On branch master

No commits yet

Untracked files:
  (use "git add <file>..." to include in what will be committed)
	../../../../.bash_history
	../../../../.gitconfig
	../../../../.lesshst
	../../../../.packettracer
	../../../../.ssh/
	../../../../.vscode/
	../../../../3D Objects/
	../../../../AppData/
	../../../../CSN400-Capstone/
	../../../../Checkpoint1/
	../../../../Cisco Packet Tracer 8.2.0/
	../../../../Cisco Packet Tracer 8.2.1/
	../../../../Contacts/
	../../../../Desktop/
	../../../
	../../../../Downloads/
	../../../../Favorites/
	../../../../Links/
	../../../../Music/
	../../../../NTUSER.DAT
	../../../../NTUSER.DAT{4d95c0bf-72af-11ed-8850-a840c853de45}.TM.blf
	../../../../NTUSER.DAT{4d95c0bf-72af-11ed-8850-a840c853de45}.TMContainer00000000000000000001.regtrans-ms
	../../../../NTUSER.DAT{4d95c0bf-72af-11ed-8850-a840c853de45}.TMContainer00000000000000000002.regtrans-ms
	../../../../OneDrive/
	../../../../Pictures/
	../../../../Saved Games/
	../../../../Searches/
	../../../../Videos/
	../../../../ex-list
	../../../../ntuser.dat.LOG1
	../../../../ntuser.dat.LOG2
	../../../../ntuser.ini

nothing added to commit but untracked files present (use "git add" to track)
